app/build/intermediates/manifest_merge_blame_file/debug/manifest-merger-blame-debug-report.txt
1<?xml version="1.0" encoding="utf-8"?>
2<manifest xmlns:android="http://schemas.android.com/apk/res/android"
3    package="com.honeywell.barcodeexample"
4    android:versionCode="1"
5    android:versionName="1.0" >
6
7    <uses-sdk
7-->src\main\AndroidManifest.xml:7:5-9:41
8        android:minSdkVersion="24"
8-->src\main\AndroidManifest.xml:8:9-35
9        android:targetSdkVersion="33" />
9-->src\main\AndroidManifest.xml:9:9-38
10
11    <uses-permission android:name="com.honeywell.decode.permission.DECODE" />
11-->[:DataCollectionLib] AndroidManifest.xml:11:5-78
11-->[:DataCollectionLib] AndroidManifest.xml:11:22-75
12
13    <permission
13-->[androidx.core:core:1.13.0] AndroidManifest.xml:22:5-24:47
14        android:name="com.honeywell.barcodeexample.DYNAMIC_RECEIVER_NOT_EXPORTED_PERMISSION"
14-->[androidx.core:core:1.13.0] AndroidManifest.xml:23:9-81
15        android:protectionLevel="signature" />
15-->[androidx.core:core:1.13.0] AndroidManifest.xml:24:9-44
16
17    <uses-permission android:name="com.honeywell.barcodeexample.DYNAMIC_RECEIVER_NOT_EXPORTED_PERMISSION" />
17-->[androidx.core:core:1.13.0] AndroidManifest.xml:26:5-97
17-->[androidx.core:core:1.13.0] AndroidManifest.xml:26:22-94
18
19    <application
19-->src\main\AndroidManifest.xml:11:5-120:19
20        android:allowBackup="true"
20-->src\main\AndroidManifest.xml:12:9-35
21        android:appComponentFactory="androidx.core.app.CoreComponentFactory"
21-->[androidx.core:core:1.13.0] AndroidManifest.xml:28:18-86
22        android:debuggable="true"
23        android:extractNativeLibs="false"
24        android:icon="@drawable/d1sw_logo"
24-->src\main\AndroidManifest.xml:13:9-43
25        android:label="@string/app_name"
25-->src\main\AndroidManifest.xml:14:9-41
26        android:testOnly="true"
27        android:theme="@style/AppTheme" >
27-->src\main\AndroidManifest.xml:15:9-40
28        <activity
28-->src\main\AndroidManifest.xml:16:9-25:20
29            android:name="com.honeywell.barcodeexample.StartActivity"
29-->src\main\AndroidManifest.xml:17:13-42
30            android:exported="true"
30-->src\main\AndroidManifest.xml:18:13-36
31            android:label="DeltaOne Software" >
31-->src\main\AndroidManifest.xml:19:13-46
32            <intent-filter>
32-->src\main\AndroidManifest.xml:20:13-24:29
33                <action android:name="android.intent.action.MAIN" />
33-->src\main\AndroidManifest.xml:21:17-69
33-->src\main\AndroidManifest.xml:21:25-66
34
35                <category android:name="android.intent.category.LAUNCHER" />
35-->src\main\AndroidManifest.xml:23:17-77
35-->src\main\AndroidManifest.xml:23:27-74
36            </intent-filter>
37        </activity>
38        <activity
38-->src\main\AndroidManifest.xml:26:9-35:20
39            android:name="com.honeywell.barcodeexample.HoneywellHomeActivity"
39-->src\main\AndroidManifest.xml:27:13-50
40            android:exported="true"
40-->src\main\AndroidManifest.xml:28:13-36
41            android:label="DeltaOne Software ~ Home" >
41-->src\main\AndroidManifest.xml:29:13-53
42            <intent-filter>
42-->src\main\AndroidManifest.xml:30:13-34:29
43                <action android:name="android.intent.action.HONEYHOME" />
43-->src\main\AndroidManifest.xml:31:17-74
43-->src\main\AndroidManifest.xml:31:25-71
44
45                <category android:name="android.intent.category.DEFAULT" />
45-->src\main\AndroidManifest.xml:33:17-76
45-->src\main\AndroidManifest.xml:33:27-73
46            </intent-filter>
47        </activity>
48        <activity
48-->src\main\AndroidManifest.xml:36:9-45:20
49            android:name="com.honeywell.barcodeexample.ZebraHomeActivity"
49-->src\main\AndroidManifest.xml:37:13-46
50            android:exported="true"
50-->src\main\AndroidManifest.xml:38:13-36
51            android:label="DeltaOne Software ~ Home" >
51-->src\main\AndroidManifest.xml:39:13-53
52            <intent-filter>
52-->src\main\AndroidManifest.xml:40:13-44:29
53                <action android:name="android.intent.action.ZEBRAHOME" />
53-->src\main\AndroidManifest.xml:41:17-74
53-->src\main\AndroidManifest.xml:41:25-71
54
55                <category android:name="android.intent.category.DEFAULT" />
55-->src\main\AndroidManifest.xml:33:17-76
55-->src\main\AndroidManifest.xml:33:27-73
56            </intent-filter>
57        </activity>
58        <activity
58-->src\main\AndroidManifest.xml:46:9-55:20
59            android:name="com.honeywell.barcodeexample.ScannerSelectionBarcodeActivity"
59-->src\main\AndroidManifest.xml:47:13-60
60            android:exported="true"
60-->src\main\AndroidManifest.xml:48:13-36
61            android:label="DeltaOne Software ~ Scanner Select" >
61-->src\main\AndroidManifest.xml:49:13-63
62            <intent-filter>
62-->src\main\AndroidManifest.xml:50:13-54:29
63                <action android:name="android.intent.action.SCANNERSELECTBARCODEACTIVITY" />
63-->src\main\AndroidManifest.xml:51:17-93
63-->src\main\AndroidManifest.xml:51:25-90
64
65                <category android:name="android.intent.category.DEFAULT" />
65-->src\main\AndroidManifest.xml:33:17-76
65-->src\main\AndroidManifest.xml:33:27-73
66            </intent-filter>
67        </activity>
68        <activity
68-->src\main\AndroidManifest.xml:57:9-65:20
69            android:name="com.honeywell.barcodeexample.RFIDActivity"
69-->src\main\AndroidManifest.xml:58:13-43
70            android:exported="true"
70-->src\main\AndroidManifest.xml:59:13-36
71            android:label="DeltaOne Software ~ RFID" >
71-->src\main\AndroidManifest.xml:60:13-53
72            <intent-filter>
72-->src\main\AndroidManifest.xml:61:13-64:29
73                <action android:name="android.intnet.action.RFID" />
73-->src\main\AndroidManifest.xml:62:17-70
73-->src\main\AndroidManifest.xml:62:25-68
74
75                <category android:name="android.intent.category.DEFAULT" />
75-->src\main\AndroidManifest.xml:33:17-76
75-->src\main\AndroidManifest.xml:33:27-73
76            </intent-filter>
77        </activity>
78        <activity
78-->src\main\AndroidManifest.xml:69:9-78:20
79            android:name="com.honeywell.barcodeexample.HoneywellScanActivity"
79-->src\main\AndroidManifest.xml:70:13-50
80            android:exported="true"
80-->src\main\AndroidManifest.xml:71:13-36
81            android:label="DeltaOne Software ~ Scan Screen" >
81-->src\main\AndroidManifest.xml:72:13-60
82            <intent-filter>
82-->src\main\AndroidManifest.xml:73:13-77:29
83                <action android:name="android.intent.action.HONEYSCAN" />
83-->src\main\AndroidManifest.xml:74:17-74
83-->src\main\AndroidManifest.xml:74:25-71
84
85                <category android:name="android.intent.category.DEFAULT" />
85-->src\main\AndroidManifest.xml:33:17-76
85-->src\main\AndroidManifest.xml:33:27-73
86            </intent-filter>
87        </activity>
88        <activity
88-->src\main\AndroidManifest.xml:79:9-88:20
89            android:name="com.honeywell.barcodeexample.ZebraScanActivity"
89-->src\main\AndroidManifest.xml:80:13-46
90            android:exported="true"
90-->src\main\AndroidManifest.xml:81:13-36
91            android:label="DeltaOne Software ~ Scan Screen" >
91-->src\main\AndroidManifest.xml:82:13-60
92            <intent-filter>
92-->src\main\AndroidManifest.xml:83:13-87:29
93                <action android:name="android.intent.action.ZEBRASCAN" />
93-->src\main\AndroidManifest.xml:84:17-74
93-->src\main\AndroidManifest.xml:84:25-71
94
95                <category android:name="android.intent.category.DEFAULT" />
95-->src\main\AndroidManifest.xml:33:17-76
95-->src\main\AndroidManifest.xml:33:27-73
96            </intent-filter>
97        </activity>
98        <activity
98-->src\main\AndroidManifest.xml:89:9-98:20
99            android:name="com.honeywell.barcodeexample.AnalysisActivity"
99-->src\main\AndroidManifest.xml:90:13-45
100            android:exported="true"
100-->src\main\AndroidManifest.xml:91:13-36
101            android:label="DeltaOne Software ~ Analysis" >
101-->src\main\AndroidManifest.xml:92:13-57
102            <intent-filter>
102-->src\main\AndroidManifest.xml:93:13-97:29
103                <action android:name="android.intent.action.ANALYSIS" />
103-->src\main\AndroidManifest.xml:94:17-73
103-->src\main\AndroidManifest.xml:94:25-70
104
105                <category android:name="android.intent.category.DEFAULT" />
105-->src\main\AndroidManifest.xml:33:17-76
105-->src\main\AndroidManifest.xml:33:27-73
106            </intent-filter>
107        </activity>
108        <activity
108-->src\main\AndroidManifest.xml:99:9-108:20
109            android:name="com.honeywell.barcodeexample.SettingsActivity"
109-->src\main\AndroidManifest.xml:100:13-45
110            android:exported="true"
110-->src\main\AndroidManifest.xml:101:13-36
111            android:label="DeltaOne Software ~ Settings" >
111-->src\main\AndroidManifest.xml:102:13-57
112            <intent-filter>
112-->src\main\AndroidManifest.xml:103:13-107:29
113                <action android:name="android.intent.action.SETTINGS" />
113-->src\main\AndroidManifest.xml:104:17-73
113-->src\main\AndroidManifest.xml:104:25-70
114
115                <category android:name="android.intent.category.DEFAULT" />
115-->src\main\AndroidManifest.xml:33:17-76
115-->src\main\AndroidManifest.xml:33:27-73
116            </intent-filter>
117        </activity>
118        <activity
118-->src\main\AndroidManifest.xml:109:9-118:20
119            android:name="com.honeywell.barcodeexample.BarcodeTypeActivity"
119-->src\main\AndroidManifest.xml:110:13-48
120            android:exported="true"
120-->src\main\AndroidManifest.xml:111:13-36
121            android:label="DeltaOne Software ~ Home" >
121-->src\main\AndroidManifest.xml:112:13-53
122            <intent-filter>
122-->src\main\AndroidManifest.xml:113:13-117:29
123                <action android:name="android.intent.action.BARCODETYPE" />
123-->src\main\AndroidManifest.xml:114:17-76
123-->src\main\AndroidManifest.xml:114:25-73
124
125                <category android:name="android.intent.category.DEFAULT" />
125-->src\main\AndroidManifest.xml:33:17-76
125-->src\main\AndroidManifest.xml:33:27-73
126            </intent-filter>
127        </activity>
128
129        <uses-library
129-->[androidx.window:window:1.0.0] AndroidManifest.xml:25:9-27:40
130            android:name="androidx.window.extensions"
130-->[androidx.window:window:1.0.0] AndroidManifest.xml:26:13-54
131            android:required="false" />
131-->[androidx.window:window:1.0.0] AndroidManifest.xml:27:13-37
132        <uses-library
132-->[androidx.window:window:1.0.0] AndroidManifest.xml:28:9-30:40
133            android:name="androidx.window.sidecar"
133-->[androidx.window:window:1.0.0] AndroidManifest.xml:29:13-51
134            android:required="false" />
134-->[androidx.window:window:1.0.0] AndroidManifest.xml:30:13-37
135
136        <provider
136-->[androidx.emoji2:emoji2:1.3.0] AndroidManifest.xml:24:9-32:20
137            android:name="androidx.startup.InitializationProvider"
137-->[androidx.emoji2:emoji2:1.3.0] AndroidManifest.xml:25:13-67
138            android:authorities="com.honeywell.barcodeexample.androidx-startup"
138-->[androidx.emoji2:emoji2:1.3.0] AndroidManifest.xml:26:13-68
139            android:exported="false" >
139-->[androidx.emoji2:emoji2:1.3.0] AndroidManifest.xml:27:13-37
140            <meta-data
140-->[androidx.emoji2:emoji2:1.3.0] AndroidManifest.xml:29:13-31:52
141                android:name="androidx.emoji2.text.EmojiCompatInitializer"
141-->[androidx.emoji2:emoji2:1.3.0] AndroidManifest.xml:30:17-75
142                android:value="androidx.startup" />
142-->[androidx.emoji2:emoji2:1.3.0] AndroidManifest.xml:31:17-49
143            <meta-data
143-->[androidx.lifecycle:lifecycle-process:2.6.2] AndroidManifest.xml:29:13-31:52
144                android:name="androidx.lifecycle.ProcessLifecycleInitializer"
144-->[androidx.lifecycle:lifecycle-process:2.6.2] AndroidManifest.xml:30:17-78
145                android:value="androidx.startup" />
145-->[androidx.lifecycle:lifecycle-process:2.6.2] AndroidManifest.xml:31:17-49
146            <meta-data
146-->[androidx.profileinstaller:profileinstaller:1.3.1] AndroidManifest.xml:29:13-31:52
147                android:name="androidx.profileinstaller.ProfileInstallerInitializer"
147-->[androidx.profileinstaller:profileinstaller:1.3.1] AndroidManifest.xml:30:17-85
148                android:value="androidx.startup" />
148-->[androidx.profileinstaller:profileinstaller:1.3.1] AndroidManifest.xml:31:17-49
149        </provider>
150
151        <receiver
151-->[androidx.profileinstaller:profileinstaller:1.3.1] AndroidManifest.xml:34:9-52:20
152            android:name="androidx.profileinstaller.ProfileInstallReceiver"
152-->[androidx.profileinstaller:profileinstaller:1.3.1] AndroidManifest.xml:35:13-76
153            android:directBootAware="false"
153-->[androidx.profileinstaller:profileinstaller:1.3.1] AndroidManifest.xml:36:13-44
154            android:enabled="true"
154-->[androidx.profileinstaller:profileinstaller:1.3.1] AndroidManifest.xml:37:13-35
155            android:exported="true"
155-->[androidx.profileinstaller:profileinstaller:1.3.1] AndroidManifest.xml:38:13-36
156            android:permission="android.permission.DUMP" >
156-->[androidx.profileinstaller:profileinstaller:1.3.1] AndroidManifest.xml:39:13-57
157            <intent-filter>
157-->[androidx.profileinstaller:profileinstaller:1.3.1] AndroidManifest.xml:40:13-42:29
158                <action android:name="androidx.profileinstaller.action.INSTALL_PROFILE" />
158-->[androidx.profileinstaller:profileinstaller:1.3.1] AndroidManifest.xml:41:17-91
158-->[androidx.profileinstaller:profileinstaller:1.3.1] AndroidManifest.xml:41:25-88
159            </intent-filter>
160            <intent-filter>
160-->[androidx.profileinstaller:profileinstaller:1.3.1] AndroidManifest.xml:43:13-45:29
161                <action android:name="androidx.profileinstaller.action.SKIP_FILE" />
161-->[androidx.profileinstaller:profileinstaller:1.3.1] AndroidManifest.xml:44:17-85
161-->[androidx.profileinstaller:profileinstaller:1.3.1] AndroidManifest.xml:44:25-82
162            </intent-filter>
163            <intent-filter>
163-->[androidx.profileinstaller:profileinstaller:1.3.1] AndroidManifest.xml:46:13-48:29
164                <action android:name="androidx.profileinstaller.action.SAVE_PROFILE" />
164-->[androidx.profileinstaller:profileinstaller:1.3.1] AndroidManifest.xml:47:17-88
164-->[androidx.profileinstaller:profileinstaller:1.3.1] AndroidManifest.xml:47:25-85
165            </intent-filter>
166            <intent-filter>
166-->[androidx.profileinstaller:profileinstaller:1.3.1] AndroidManifest.xml:49:13-51:29
167                <action android:name="androidx.profileinstaller.action.BENCHMARK_OPERATION" />
167-->[androidx.profileinstaller:profileinstaller:1.3.1] AndroidManifest.xml:50:17-95
167-->[androidx.profileinstaller:profileinstaller:1.3.1] AndroidManifest.xml:50:25-92
168            </intent-filter>
169        </receiver>
170    </application>
171
172</manifest>